<?xml version="1.0" encoding="UTF-8"?>
<!-- Generated by org.testng.reporters.JUnitXMLReporter -->
<testsuite hostname="Lia_PC" ignored="9" name="Default test" tests="1" failures="0" timestamp="10 апр 2019 01:11:37 GMT" time="0.044" errors="0">
  <testcase name="checkNewspaperWordsLists" time="0.017" classname="Tests.TestRunTestNG"/>
  <testcase name="testPrimes" time="0.0" classname="Tests.TestRunTestNG">
    <ignored/>
  </testcase> <!-- testPrimes -->
  <testcase name="findMaxZerosOrOnes" time="0.0" classname="Tests.TestRunTestNG">
    <ignored/>
  </testcase> <!-- findMaxZerosOrOnes -->
  <testcase name="findNumberOfPairsSum" time="0.0" classname="Tests.TestRunTestNG">
    <ignored/>
  </testcase> <!-- findNumberOfPairsSum -->
  <testcase name="concutStrings" time="0.0" classname="Tests.TestRunTestNG">
    <ignored/>
  </testcase> <!-- concutStrings -->
  <testcase name="findFirsRepeatingCharHashSet" time="0.0" classname="Tests.TestRunTestNG">
    <ignored/>
  </testcase> <!-- findFirsRepeatingCharHashSet -->
  <testcase name="fibbonachi" time="0.0" classname="Tests.TestRunTestNG">
    <ignored/>
  </testcase> <!-- fibbonachi -->
  <testcase name="isArmstrongNumber" time="0.0" classname="Tests.TestRunTestNG">
    <ignored/>
  </testcase> <!-- isArmstrongNumber -->
  <testcase name="reverseStringWithSpecialChars" time="0.0" classname="Tests.TestRunTestNG">
    <ignored/>
  </testcase> <!-- reverseStringWithSpecialChars -->
  <testcase name="numberOccurences" time="0.0" classname="Tests.TestRunTestNG">
    <ignored/>
  </testcase> <!-- numberOccurences -->
</testsuite> <!-- Default test -->
