<?xml version="1.0" encoding="UTF-8"?>
<testng-results skipped="0" failed="0" ignored="0" total="1" passed="1">
  <reporter-output>
  </reporter-output>
  <suite name="Default suite" duration-ms="62" started-at="2019-04-25T21:15:40Z" finished-at="2019-04-25T21:15:40Z">
    <groups>
    </groups>
    <test name="Default test" duration-ms="62" started-at="2019-04-25T21:15:40Z" finished-at="2019-04-25T21:15:40Z">
      <class name="Tests.StringConcutenate">
        <test-method status="PASS" signature="concutStrings()[pri:0, instance:Tests.StringConcutenate@100fc185]" name="concutStrings" duration-ms="22" started-at="2019-04-25T21:15:40Z" finished-at="2019-04-25T21:15:40Z">
          <reporter-output>
          </reporter-output>
        </test-method> <!-- concutStrings -->
      </class> <!-- Tests.StringConcutenate -->
    </test> <!-- Default test -->
  </suite> <!-- Default suite -->
</testng-results>
