<?xml version="1.0" encoding="UTF-8"?>
<testng-results skipped="0" failed="0" ignored="9" total="10" passed="1">
  <reporter-output>
  </reporter-output>
  <suite name="Default suite" duration-ms="44" started-at="2019-04-10T01:11:37Z" finished-at="2019-04-10T01:11:37Z">
    <groups>
    </groups>
    <test name="Default test" duration-ms="44" started-at="2019-04-10T01:11:37Z" finished-at="2019-04-10T01:11:37Z">
      <class name="Tests.TestRunTestNG">
        <test-method status="PASS" signature="checkNewspaperWordsLists()[pri:0, instance:Tests.TestRunTestNG@643b1d11]" name="checkNewspaperWordsLists" duration-ms="17" started-at="2019-04-10T01:11:37Z" finished-at="2019-04-10T01:11:37Z">
          <reporter-output>
          </reporter-output>
        </test-method> <!-- checkNewspaperWordsLists -->
      </class> <!-- Tests.TestRunTestNG -->
    </test> <!-- Default test -->
  </suite> <!-- Default suite -->
</testng-results>
